  [1m[36m (29.1ms)[0m  [1mCREATE TABLE "schema_migrations" ("version" varchar NOT NULL) [0m
  [1m[35m (0.2ms)[0m  select sqlite_version(*)
  [1m[36m (37.6ms)[0m  [1mCREATE UNIQUE INDEX "unique_schema_migrations" ON "schema_migrations" ("version")[0m
  [1m[35mActiveRecord::SchemaMigration Load (0.2ms)[0m  SELECT "schema_migrations".* FROM "schema_migrations"
Migrating to CreateCategories (20160622034804)
  [1m[36m (0.1ms)[0m  [1mbegin transaction[0m
  [1m[35m (0.7ms)[0m  CREATE TABLE "categories" ("id" INTEGER PRIMARY KEY AUTOINCREMENT NOT NULL, "name" varchar, "created_at" datetime NOT NULL, "updated_at" datetime NOT NULL) 
  [1m[36mSQL (0.2ms)[0m  [1mINSERT INTO "schema_migrations" ("version") VALUES (?)[0m  [["version", "20160622034804"]]
  [1m[35m (38.1ms)[0m  commit transaction
Migrating to CreateBooks (20160622035059)
  [1m[36m (0.2ms)[0m  [1mbegin transaction[0m
  [1m[35m (0.5ms)[0m  CREATE TABLE "books" ("id" INTEGER PRIMARY KEY AUTOINCREMENT NOT NULL, "title" varchar, "description" varchar, "publish_date" date, "author" varchar, "number_page" varchar, "picture" varchar, "rate_avg" float, "category_id" integer, "created_at" datetime NOT NULL, "updated_at" datetime NOT NULL) 
  [1m[36m (0.3ms)[0m  [1mCREATE  INDEX "index_books_on_category_id" ON "books" ("category_id")[0m
  [1m[35mSQL (0.2ms)[0m  INSERT INTO "schema_migrations" ("version") VALUES (?)  [["version", "20160622035059"]]
  [1m[36m (28.7ms)[0m  [1mcommit transaction[0m
Migrating to CreateMarks (20160622035428)
  [1m[35m (0.1ms)[0m  begin transaction
  [1m[36m (0.6ms)[0m  [1mCREATE TABLE "marks" ("id" INTEGER PRIMARY KEY AUTOINCREMENT NOT NULL, "status" integer, "favorite" boolean, "user_id" integer, "book_id" integer, "created_at" datetime NOT NULL, "updated_at" datetime NOT NULL) [0m
  [1m[35m (0.4ms)[0m  CREATE  INDEX "index_marks_on_user_id" ON "marks" ("user_id")
  [1m[36m (0.3ms)[0m  [1m            SELECT sql
            FROM sqlite_master
            WHERE name='index_marks_on_user_id' AND type='index'
            UNION ALL
            SELECT sql
            FROM sqlite_temp_master
            WHERE name='index_marks_on_user_id' AND type='index'
[0m
  [1m[35m (0.4ms)[0m  CREATE  INDEX "index_marks_on_book_id" ON "marks" ("book_id")
  [1m[36mSQL (0.4ms)[0m  [1mINSERT INTO "schema_migrations" ("version") VALUES (?)[0m  [["version", "20160622035428"]]
  [1m[35m (42.9ms)[0m  commit transaction
Migrating to CreateReviews (20160622035723)
  [1m[36m (0.1ms)[0m  [1mbegin transaction[0m
  [1m[35m (0.6ms)[0m  CREATE TABLE "reviews" ("id" INTEGER PRIMARY KEY AUTOINCREMENT NOT NULL, "content" varchar, "rating" float, "user_id" integer, "book_id" integer, "created_at" datetime NOT NULL, "updated_at" datetime NOT NULL) 
  [1m[36m (0.3ms)[0m  [1mCREATE  INDEX "index_reviews_on_user_id" ON "reviews" ("user_id")[0m
  [1m[35m (0.2ms)[0m              SELECT sql
            FROM sqlite_master
            WHERE name='index_reviews_on_user_id' AND type='index'
            UNION ALL
            SELECT sql
            FROM sqlite_temp_master
            WHERE name='index_reviews_on_user_id' AND type='index'

  [1m[36m (0.3ms)[0m  [1mCREATE  INDEX "index_reviews_on_book_id" ON "reviews" ("book_id")[0m
  [1m[35mSQL (0.2ms)[0m  INSERT INTO "schema_migrations" ("version") VALUES (?)  [["version", "20160622035723"]]
  [1m[36m (31.1ms)[0m  [1mcommit transaction[0m
Migrating to CreateComments (20160622035837)
  [1m[35m (0.2ms)[0m  begin transaction
  [1m[36m (0.7ms)[0m  [1mCREATE TABLE "comments" ("id" INTEGER PRIMARY KEY AUTOINCREMENT NOT NULL, "content" varchar, "string" varchar, "user_id" integer, "review_id" integer, "created_at" datetime NOT NULL, "updated_at" datetime NOT NULL) [0m
  [1m[35m (0.4ms)[0m  CREATE  INDEX "index_comments_on_user_id" ON "comments" ("user_id")
  [1m[36m (0.2ms)[0m  [1m            SELECT sql
            FROM sqlite_master
            WHERE name='index_comments_on_user_id' AND type='index'
            UNION ALL
            SELECT sql
            FROM sqlite_temp_master
            WHERE name='index_comments_on_user_id' AND type='index'
[0m
  [1m[35m (0.4ms)[0m  CREATE  INDEX "index_comments_on_review_id" ON "comments" ("review_id")
  [1m[36mSQL (0.4ms)[0m  [1mINSERT INTO "schema_migrations" ("version") VALUES (?)[0m  [["version", "20160622035837"]]
  [1m[35m (40.3ms)[0m  commit transaction
Migrating to CreateRequests (20160622040043)
  [1m[36m (0.1ms)[0m  [1mbegin transaction[0m
  [1m[35m (0.8ms)[0m  CREATE TABLE "requests" ("id" INTEGER PRIMARY KEY AUTOINCREMENT NOT NULL, "content" varchar, "status" integer, "user_id" integer, "created_at" datetime NOT NULL, "updated_at" datetime NOT NULL) 
  [1m[36m (0.5ms)[0m  [1mCREATE  INDEX "index_requests_on_user_id" ON "requests" ("user_id")[0m
  [1m[35mSQL (0.3ms)[0m  INSERT INTO "schema_migrations" ("version") VALUES (?)  [["version", "20160622040043"]]
  [1m[36m (36.8ms)[0m  [1mcommit transaction[0m
Migrating to CreateActivities (20160622040309)
  [1m[35m (0.2ms)[0m  begin transaction
  [1m[36m (0.8ms)[0m  [1mCREATE TABLE "activities" ("id" INTEGER PRIMARY KEY AUTOINCREMENT NOT NULL, "action_type" integer, "other_id" integer, "user_id" integer, "created_at" datetime NOT NULL, "updated_at" datetime NOT NULL) [0m
  [1m[35m (0.4ms)[0m  CREATE  INDEX "index_activities_on_user_id" ON "activities" ("user_id")
  [1m[36mSQL (0.3ms)[0m  [1mINSERT INTO "schema_migrations" ("version") VALUES (?)[0m  [["version", "20160622040309"]]
  [1m[35m (12.9ms)[0m  commit transaction
Migrating to CreateLikes (20160622040436)
  [1m[36m (0.1ms)[0m  [1mbegin transaction[0m
  [1m[35m (0.5ms)[0m  CREATE TABLE "likes" ("id" INTEGER PRIMARY KEY AUTOINCREMENT NOT NULL, "status" integer, "activity_id" integer, "user_id" integer, "created_at" datetime NOT NULL, "updated_at" datetime NOT NULL) 
  [1m[36m (0.4ms)[0m  [1mCREATE  INDEX "index_likes_on_activity_id" ON "likes" ("activity_id")[0m
  [1m[35m (0.2ms)[0m              SELECT sql
            FROM sqlite_master
            WHERE name='index_likes_on_activity_id' AND type='index'
            UNION ALL
            SELECT sql
            FROM sqlite_temp_master
            WHERE name='index_likes_on_activity_id' AND type='index'

  [1m[36m (0.4ms)[0m  [1mCREATE  INDEX "index_likes_on_user_id" ON "likes" ("user_id")[0m
  [1m[35mSQL (0.3ms)[0m  INSERT INTO "schema_migrations" ("version") VALUES (?)  [["version", "20160622040436"]]
  [1m[36m (12.9ms)[0m  [1mcommit transaction[0m
Migrating to CreateRelationships (20160622040753)
  [1m[35m (0.2ms)[0m  begin transaction
  [1m[36m (1.0ms)[0m  [1mCREATE TABLE "relationships" ("id" INTEGER PRIMARY KEY AUTOINCREMENT NOT NULL, "follower_id" integer, "followed_id" integer, "created_at" datetime NOT NULL, "updated_at" datetime NOT NULL) [0m
  [1m[35mSQL (0.3ms)[0m  INSERT INTO "schema_migrations" ("version") VALUES (?)  [["version", "20160622040753"]]
  [1m[36m (16.8ms)[0m  [1mcommit transaction[0m
Migrating to AddDeviseToUsers (20160624034535)
  [1m[35m (0.1ms)[0m  begin transaction
  [1m[36m (1.4ms)[0m  [1mCREATE TABLE "users" ("id" INTEGER PRIMARY KEY AUTOINCREMENT NOT NULL, "email" varchar DEFAULT '' NOT NULL, "encrypted_password" varchar DEFAULT '' NOT NULL, "reset_password_token" varchar, "reset_password_sent_at" datetime, "remember_created_at" datetime, "sign_in_count" integer DEFAULT 0 NOT NULL, "current_sign_in_at" datetime, "last_sign_in_at" datetime, "current_sign_in_ip" varchar, "last_sign_in_ip" varchar) [0m
  [1m[35m (0.6ms)[0m  CREATE UNIQUE INDEX "index_users_on_email" ON "users" ("email")
  [1m[36m (0.1ms)[0m  [1m            SELECT sql
            FROM sqlite_master
            WHERE name='index_users_on_email' AND type='index'
            UNION ALL
            SELECT sql
            FROM sqlite_temp_master
            WHERE name='index_users_on_email' AND type='index'
[0m
  [1m[35m (0.3ms)[0m  CREATE UNIQUE INDEX "index_users_on_reset_password_token" ON "users" ("reset_password_token")
  [1m[36mSQL (0.2ms)[0m  [1mINSERT INTO "schema_migrations" ("version") VALUES (?)[0m  [["version", "20160624034535"]]
  [1m[35m (19.4ms)[0m  commit transaction
Migrating to AddUsernameToUsers (20160624042849)
  [1m[36m (0.2ms)[0m  [1mbegin transaction[0m
  [1m[35m (0.7ms)[0m  ALTER TABLE "users" ADD "name" varchar
  [1m[36mSQL (0.3ms)[0m  [1mINSERT INTO "schema_migrations" ("version") VALUES (?)[0m  [["version", "20160624042849"]]
  [1m[35m (30.6ms)[0m  commit transaction
Migrating to AddRoleToUsers (20160627103639)
  [1m[36m (0.5ms)[0m  [1mbegin transaction[0m
  [1m[35m (1.0ms)[0m  ALTER TABLE "users" ADD "role" integer DEFAULT 1
  [1m[36mSQL (0.3ms)[0m  [1mINSERT INTO "schema_migrations" ("version") VALUES (?)[0m  [["version", "20160627103639"]]
  [1m[35m (22.5ms)[0m  commit transaction
Migrating to AddAvatarToUsers (20160628024448)
  [1m[36m (0.1ms)[0m  [1mbegin transaction[0m
  [1m[35m (0.7ms)[0m  ALTER TABLE "users" ADD "avatar" varchar
  [1m[36mSQL (0.3ms)[0m  [1mINSERT INTO "schema_migrations" ("version") VALUES (?)[0m  [["version", "20160628024448"]]
  [1m[35m (19.6ms)[0m  commit transaction
  [1m[36mActiveRecord::SchemaMigration Load (0.2ms)[0m  [1mSELECT "schema_migrations".* FROM "schema_migrations"[0m
  [1m[35m (0.2ms)[0m              SELECT sql
            FROM sqlite_master
            WHERE name='index_activities_on_user_id' AND type='index'
            UNION ALL
            SELECT sql
            FROM sqlite_temp_master
            WHERE name='index_activities_on_user_id' AND type='index'

  [1m[36m (0.2ms)[0m  [1m            SELECT sql
            FROM sqlite_master
            WHERE name='index_books_on_category_id' AND type='index'
            UNION ALL
            SELECT sql
            FROM sqlite_temp_master
            WHERE name='index_books_on_category_id' AND type='index'
[0m
  [1m[35m (0.1ms)[0m              SELECT sql
            FROM sqlite_master
            WHERE name='index_comments_on_review_id' AND type='index'
            UNION ALL
            SELECT sql
            FROM sqlite_temp_master
            WHERE name='index_comments_on_review_id' AND type='index'

  [1m[36m (0.2ms)[0m  [1m            SELECT sql
            FROM sqlite_master
            WHERE name='index_comments_on_user_id' AND type='index'
            UNION ALL
            SELECT sql
            FROM sqlite_temp_master
            WHERE name='index_comments_on_user_id' AND type='index'
[0m
  [1m[35m (0.1ms)[0m              SELECT sql
            FROM sqlite_master
            WHERE name='index_likes_on_user_id' AND type='index'
            UNION ALL
            SELECT sql
            FROM sqlite_temp_master
            WHERE name='index_likes_on_user_id' AND type='index'

  [1m[36m (0.1ms)[0m  [1m            SELECT sql
            FROM sqlite_master
            WHERE name='index_likes_on_activity_id' AND type='index'
            UNION ALL
            SELECT sql
            FROM sqlite_temp_master
            WHERE name='index_likes_on_activity_id' AND type='index'
[0m
  [1m[35m (0.1ms)[0m              SELECT sql
            FROM sqlite_master
            WHERE name='index_marks_on_book_id' AND type='index'
            UNION ALL
            SELECT sql
            FROM sqlite_temp_master
            WHERE name='index_marks_on_book_id' AND type='index'

  [1m[36m (0.1ms)[0m  [1m            SELECT sql
            FROM sqlite_master
            WHERE name='index_marks_on_user_id' AND type='index'
            UNION ALL
            SELECT sql
            FROM sqlite_temp_master
            WHERE name='index_marks_on_user_id' AND type='index'
[0m
  [1m[35m (0.2ms)[0m              SELECT sql
            FROM sqlite_master
            WHERE name='index_requests_on_user_id' AND type='index'
            UNION ALL
            SELECT sql
            FROM sqlite_temp_master
            WHERE name='index_requests_on_user_id' AND type='index'

  [1m[36m (0.1ms)[0m  [1m            SELECT sql
            FROM sqlite_master
            WHERE name='index_reviews_on_book_id' AND type='index'
            UNION ALL
            SELECT sql
            FROM sqlite_temp_master
            WHERE name='index_reviews_on_book_id' AND type='index'
[0m
  [1m[35m (0.1ms)[0m              SELECT sql
            FROM sqlite_master
            WHERE name='index_reviews_on_user_id' AND type='index'
            UNION ALL
            SELECT sql
            FROM sqlite_temp_master
            WHERE name='index_reviews_on_user_id' AND type='index'

  [1m[36m (0.1ms)[0m  [1m            SELECT sql
            FROM sqlite_master
            WHERE name='index_users_on_reset_password_token' AND type='index'
            UNION ALL
            SELECT sql
            FROM sqlite_temp_master
            WHERE name='index_users_on_reset_password_token' AND type='index'
[0m
  [1m[35m (0.1ms)[0m              SELECT sql
            FROM sqlite_master
            WHERE name='index_users_on_email' AND type='index'
            UNION ALL
            SELECT sql
            FROM sqlite_temp_master
            WHERE name='index_users_on_email' AND type='index'



Started GET "/" for 127.0.0.1 at 2016-10-13 15:52:32 +0700
  [1m[36mActiveRecord::SchemaMigration Load (0.3ms)[0m  [1mSELECT "schema_migrations".* FROM "schema_migrations"[0m
Processing by StaticPagesController#home as HTML
Completed 401 Unauthorized in 45ms (ActiveRecord: 0.0ms)


Started GET "/users/sign_in" for 127.0.0.1 at 2016-10-13 15:52:33 +0700
Processing by Devise::SessionsController#new as HTML
  Rendered devise/shared/_links.html.erb (1.7ms)
  Rendered devise/sessions/new.html.erb within layouts/application (32.5ms)
  Rendered layouts/_header.html.erb (4.5ms)
  Rendered layouts/_footer.html.erb (0.8ms)
Completed 200 OK in 5535ms (Views: 5516.1ms | ActiveRecord: 0.6ms)


Started GET "/assets/books.self-ab90701725477562904c4e40d200d97a2c4a09453aed764f954c4b19ef1e1bc5.css?body=1" for 127.0.0.1 at 2016-10-13 15:52:38 +0700


Started GET "/assets/custom.self-8115fb98fe1b1d7d6e36343b30143d8698865bb371b5e9a259e69a154fa5fecc.css?body=1" for 127.0.0.1 at 2016-10-13 15:52:38 +0700


Started GET "/users/sign_up" for 127.0.0.1 at 2016-10-13 15:52:53 +0700
Processing by Devise::RegistrationsController#new as HTML
  Rendered devise/registrations/new.html.erb within layouts/application (7.5ms)
  Rendered layouts/_header.html.erb (1.0ms)
  Rendered layouts/_footer.html.erb (0.3ms)
Completed 200 OK in 191ms (Views: 187.5ms | ActiveRecord: 0.0ms)


Started POST "/users" for 127.0.0.1 at 2016-10-13 15:53:06 +0700
Processing by Devise::RegistrationsController#create as HTML
  Parameters: {"utf8"=>"✓", "authenticity_token"=>"2E89enxH5+jX/iNuAzFFtyGphjdMRpONG6hanokWiBVAkUY4AJPneOWQAJfMbTU1+euR9LcwL+JmUAruY14MdQ==", "user"=>{"name"=>"Hai Nguyen 1", "email"=>"nguyen.xuan.hai@framgia.com", "password"=>"[FILTERED]", "password_confirmation"=>"[FILTERED]"}, "commit"=>"Sign Up"}
Unpermitted parameter: name
  [1m[35m (0.2ms)[0m  begin transaction
  [1m[36mUser Exists (0.4ms)[0m  [1mSELECT  1 AS one FROM "users" WHERE "users"."email" = 'nguyen.xuan.hai@framgia.com' LIMIT 1[0m
  [1m[35mSQL (0.9ms)[0m  INSERT INTO "users" ("email", "encrypted_password") VALUES (?, ?)  [["email", "nguyen.xuan.hai@framgia.com"], ["encrypted_password", "$2a$11$A7xKKUd1J8DWEYMUXW8GhuYMiZFRPTO0pT2i3DO2ggCA2jJzrp0nW"]]
  [1m[36m (13.6ms)[0m  [1mcommit transaction[0m
  [1m[35m (0.1ms)[0m  begin transaction
  [1m[36mSQL (0.5ms)[0m  [1mUPDATE "users" SET "last_sign_in_at" = ?, "current_sign_in_at" = ?, "last_sign_in_ip" = ?, "current_sign_in_ip" = ?, "sign_in_count" = ? WHERE "users"."id" = ?[0m  [["last_sign_in_at", "2016-10-13 08:53:06.703659"], ["current_sign_in_at", "2016-10-13 08:53:06.703659"], ["last_sign_in_ip", "127.0.0.1"], ["current_sign_in_ip", "127.0.0.1"], ["sign_in_count", 1], ["id", 1]]
  [1m[35m (12.6ms)[0m  commit transaction
Redirected to http://localhost:3000/
Completed 302 Found in 314ms (ActiveRecord: 28.4ms)


Started GET "/" for 127.0.0.1 at 2016-10-13 15:53:06 +0700
Processing by StaticPagesController#home as HTML
  [1m[36mUser Load (0.4ms)[0m  [1mSELECT  "users".* FROM "users" WHERE "users"."id" = ?  ORDER BY "users"."id" ASC LIMIT 1[0m  [["id", 1]]
  Rendered static_pages/home.html.erb within layouts/application (1.2ms)
  Rendered layouts/_header.html.erb (3.5ms)
  Rendered layouts/_footer.html.erb (0.2ms)
Completed 200 OK in 54ms (Views: 49.8ms | ActiveRecord: 0.4ms)


Started GET "/users/sign_up" for 127.0.0.1 at 2016-10-13 15:53:09 +0700
Processing by Devise::RegistrationsController#new as HTML
  [1m[35mUser Load (0.1ms)[0m  SELECT  "users".* FROM "users" WHERE "users"."id" = ?  ORDER BY "users"."id" ASC LIMIT 1  [["id", 1]]
Redirected to http://localhost:3000/
Filter chain halted as :require_no_authentication rendered or redirected
Completed 302 Found in 3ms (ActiveRecord: 0.1ms)


Started GET "/" for 127.0.0.1 at 2016-10-13 15:53:09 +0700
Processing by StaticPagesController#home as HTML
  [1m[36mUser Load (0.1ms)[0m  [1mSELECT  "users".* FROM "users" WHERE "users"."id" = ?  ORDER BY "users"."id" ASC LIMIT 1[0m  [["id", 1]]
  Rendered static_pages/home.html.erb within layouts/application (1.1ms)
  Rendered layouts/_header.html.erb (3.8ms)
  Rendered layouts/_footer.html.erb (0.7ms)
Completed 200 OK in 48ms (Views: 45.0ms | ActiveRecord: 0.1ms)


Started GET "/books" for 127.0.0.1 at 2016-10-13 15:53:13 +0700
Processing by BooksController#index as HTML
  [1m[35mUser Load (0.1ms)[0m  SELECT  "users".* FROM "users" WHERE "users"."id" = ?  ORDER BY "users"."id" ASC LIMIT 1  [["id", 1]]
  [1m[36mBook Load (0.3ms)[0m  [1mSELECT  "books".* FROM "books" LIMIT 10 OFFSET 0[0m
  [1m[35m (0.2ms)[0m  SELECT COUNT(*) FROM "books"
  Rendered books/index.html.erb within layouts/application (15.8ms)
  Rendered layouts/_header.html.erb (2.4ms)
  Rendered layouts/_footer.html.erb (0.2ms)
Completed 200 OK in 93ms (Views: 69.1ms | ActiveRecord: 0.9ms)


Started GET "/users" for 127.0.0.1 at 2016-10-13 15:53:18 +0700
Processing by UsersController#index as HTML
  [1m[36mUser Load (0.2ms)[0m  [1mSELECT  "users".* FROM "users" WHERE "users"."id" = ?  ORDER BY "users"."id" ASC LIMIT 1[0m  [["id", 1]]
  [1m[35mUser Load (0.3ms)[0m  SELECT  "users".* FROM "users" LIMIT 10 OFFSET 0
  Rendered users/index.html.erb within layouts/application (40.5ms)
Completed 500 Internal Server Error in 53ms (ActiveRecord: 0.5ms)

NoMethodError (undefined method `user_path' for #<#<Class:0xb2dd0f38>:0xb2dd13ac>):
  app/views/users/index.html.erb:12:in `block in _app_views_users_index_html_erb__346612171__642092498'
  app/views/users/index.html.erb:10:in `_app_views_users_index_html_erb__346612171__642092498'


  Rendered /home/hainguyen/.rvm/gems/ruby-2.2.3/gems/web-console-2.0.0.beta3/lib/action_dispatch/templates/rescues/_source.erb (17.5ms)
  Rendered /home/hainguyen/.rvm/gems/ruby-2.2.3/gems/web-console-2.0.0.beta3/lib/action_dispatch/templates/rescues/_trace.html.erb (6.8ms)
  Rendered /home/hainguyen/.rvm/gems/ruby-2.2.3/gems/web-console-2.0.0.beta3/lib/action_dispatch/templates/rescues/_request_and_response.html.erb (2.2ms)
  Rendered /home/hainguyen/.rvm/gems/ruby-2.2.3/gems/web-console-2.0.0.beta3/lib/action_dispatch/templates/rescues/_web_console.html.erb (1.9ms)
  Rendered /home/hainguyen/.rvm/gems/ruby-2.2.3/gems/web-console-2.0.0.beta3/lib/action_dispatch/templates/rescues/diagnostics.html.erb within rescues/layout (101.0ms)


Started GET "/users" for 127.0.0.1 at 2016-10-13 15:53:18 +0700
Processing by UsersController#index as HTML
  [1m[36mUser Load (0.2ms)[0m  [1mSELECT  "users".* FROM "users" WHERE "users"."id" = ?  ORDER BY "users"."id" ASC LIMIT 1[0m  [["id", 1]]
  [1m[35mUser Load (0.3ms)[0m  SELECT  "users".* FROM "users" LIMIT 10 OFFSET 0
  Rendered users/index.html.erb within layouts/application (60.1ms)
Completed 500 Internal Server Error in 69ms (ActiveRecord: 0.5ms)

NoMethodError (undefined method `user_path' for #<#<Class:0xb2dd0f38>:0xb457bf5c>):
  app/views/users/index.html.erb:12:in `block in _app_views_users_index_html_erb__346612171__634661358'
  app/views/users/index.html.erb:10:in `_app_views_users_index_html_erb__346612171__634661358'


  Rendered /home/hainguyen/.rvm/gems/ruby-2.2.3/gems/web-console-2.0.0.beta3/lib/action_dispatch/templates/rescues/_source.erb (11.2ms)
  Rendered /home/hainguyen/.rvm/gems/ruby-2.2.3/gems/web-console-2.0.0.beta3/lib/action_dispatch/templates/rescues/_trace.html.erb (4.5ms)
  Rendered /home/hainguyen/.rvm/gems/ruby-2.2.3/gems/web-console-2.0.0.beta3/lib/action_dispatch/templates/rescues/_request_and_response.html.erb (1.4ms)
  Rendered /home/hainguyen/.rvm/gems/ruby-2.2.3/gems/web-console-2.0.0.beta3/lib/action_dispatch/templates/rescues/_web_console.html.erb (1.2ms)
  Rendered /home/hainguyen/.rvm/gems/ruby-2.2.3/gems/web-console-2.0.0.beta3/lib/action_dispatch/templates/rescues/diagnostics.html.erb within rescues/layout (78.3ms)


Started GET "/books" for 127.0.0.1 at 2016-10-13 15:53:22 +0700
Processing by BooksController#index as HTML
  [1m[36mUser Load (0.2ms)[0m  [1mSELECT  "users".* FROM "users" WHERE "users"."id" = ?  ORDER BY "users"."id" ASC LIMIT 1[0m  [["id", 1]]
  [1m[35mBook Load (0.3ms)[0m  SELECT  "books".* FROM "books" LIMIT 10 OFFSET 0
  [1m[36m (0.2ms)[0m  [1mSELECT COUNT(*) FROM "books"[0m
  Rendered books/index.html.erb within layouts/application (11.8ms)
  Rendered layouts/_header.html.erb (3.9ms)
  Rendered layouts/_footer.html.erb (0.3ms)
Completed 200 OK in 79ms (Views: 64.9ms | ActiveRecord: 0.7ms)
